ERROR: cbd_tb.v:46: $readmemh: Unable to open ../vec/cbd/o_coeffs.vec for reading.
ERROR: cbd_tb.v:47: $readmemh: Unable to open ../vec/cbd/i_ibytes.vec for reading.
ERROR: cbd_tb.v:48: $readmemh: Unable to open ../vec/cbd/i_eta.vec for reading.
VCD info: dumpfile ./vcd/cbd.vcd opened for output.
VCD warning: array word cbd_tb.u_cbd.coeffs[0] will conflict with an escaped identifier.
VCD warning: array word cbd_tb.u_cbd.coeffs[1] will conflict with an escaped identifier.
VCD warning: array word cbd_tb.u_cbd.coeffs[2] will conflict with an escaped identifier.
VCD warning: array word cbd_tb.u_cbd.coeffs[3] will conflict with an escaped identifier.
VCD warning: array word cbd_tb.u_cbd.coeffs[4] will conflict with an escaped identifier.
VCD warning: array word cbd_tb.u_cbd.coeffs[5] will conflict with an escaped identifier.
VCD warning: array word cbd_tb.u_cbd.coeffs[6] will conflict with an escaped identifier.
VCD warning: array word cbd_tb.u_cbd.coeffs[7] will conflict with an escaped identifier.
VCD warning: array word cbd_tb.u_cbd.coeffs[8] will conflict with an escaped identifier.
VCD warning: array word cbd_tb.u_cbd.coeffs[9] will conflict with an escaped identifier.
VCD warning: array word cbd_tb.u_cbd.coeffs[10] will conflict with an escaped identifier.
VCD warning: array word cbd_tb.u_cbd.coeffs[11] will conflict with an escaped identifier.
VCD warning: array word cbd_tb.u_cbd.coeffs[12] will conflict with an escaped identifier.
VCD warning: array word cbd_tb.u_cbd.coeffs[13] will conflict with an escaped identifier.
VCD warning: array word cbd_tb.u_cbd.coeffs[14] will conflict with an escaped identifier.
VCD warning: array word cbd_tb.u_cbd.coeffs[15] will conflict with an escaped identifier.
cbd_tb.v:96: $finish called at 350000 (1ps)
